2019-06-28T11:46:07.101Z ERROR   :HLFConnectionManager     :fabric-client()           [client-utils.js]: sendPeersProposal - Promise is rejected: Error: timeout expired while starting chaincode iot-network:0.0.1 for transaction
    at /home/peer1/.nvm/versions/node/v8.16.0/lib/node_modules/composer-cli/node_modules/fabric-client/lib/Peer.js:114:16
    at /home/peer1/.nvm/versions/node/v8.16.0/lib/node_modules/composer-cli/node_modules/grpc/src/client.js:586:7 {}$
2019-06-28T11:46:10.996Z ERROR   :HLFConnectionManager     :fabric-client()           [client-utils.js]: sendPeersProposal - Promise is rejected: Error: timeout expired while starting chaincode iot-network:0.0.1 for transaction
    at /home/peer1/.nvm/versions/node/v8.16.0/lib/node_modules/composer-cli/node_modules/fabric-client/lib/Peer.js:114:16
    at /home/peer1/.nvm/versions/node/v8.16.0/lib/node_modules/composer-cli/node_modules/grpc/src/client.js:586:7 {}$
2019-06-28T11:46:26.115Z ERROR   :HLFConnectionManager     :fabric-client()           [client-utils.js]: sendPeersProposal - Promise is rejected: Error: timeout expired while starting chaincode iot-network:0.0.1 for transaction
    at /home/peer1/.nvm/versions/node/v8.16.0/lib/node_modules/composer-cli/node_modules/fabric-client/lib/Peer.js:114:16
    at /home/peer1/.nvm/versions/node/v8.16.0/lib/node_modules/composer-cli/node_modules/grpc/src/client.js:586:7 {}$
2019-06-28T11:46:26.365Z ERROR   :HLFConnectionManager     :fabric-client()           [client-utils.js]: sendPeersProposal - Promise is rejected: Error: timeout expired while starting chaincode iot-network:0.0.1 for transaction
    at /home/peer1/.nvm/versions/node/v8.16.0/lib/node_modules/composer-cli/node_modules/fabric-client/lib/Peer.js:114:16
    at /home/peer1/.nvm/versions/node/v8.16.0/lib/node_modules/composer-cli/node_modules/grpc/src/client.js:586:7 {}$
2019-06-28T11:47:19.461Z ERROR   :HLFConnectionManager     :fabric-client()           [client-utils.js]: sendPeersProposal - Promise is rejected: Error: error installing chaincode code iot-network:0.0.1(chaincode /var/hyperledger/production/chaincodes/iot-network.0.0.1 exists)
    at /home/peer1/.nvm/versions/node/v8.16.0/lib/node_modules/composer-cli/node_modules/fabric-client/lib/Peer.js:114:16
    at /home/peer1/.nvm/versions/node/v8.16.0/lib/node_modules/composer-cli/node_modules/grpc/src/client.js:586:7 {}$
2019-06-28T11:47:19.507Z ERROR   :HLFConnectionManager     :fabric-client()           [client-utils.js]: sendPeersProposal - Promise is rejected: Error: error installing chaincode code iot-network:0.0.1(chaincode /var/hyperledger/production/chaincodes/iot-network.0.0.1 exists)
    at /home/peer1/.nvm/versions/node/v8.16.0/lib/node_modules/composer-cli/node_modules/fabric-client/lib/Peer.js:114:16
    at /home/peer1/.nvm/versions/node/v8.16.0/lib/node_modules/composer-cli/node_modules/grpc/src/client.js:586:7 {}$
2019-06-28T11:47:19.509Z ERROR   :HLFConnection            :install()                 {"message":"Error trying install business network. Error: The business network is already installed on all the peers","stack":"Error: Error trying install business network. Error: The business network is already installed on all the peers\n    at HLFConnection.install (/home/peer1/.nvm/versions/node/v8.16.0/lib/node_modules/composer-cli/node_modules/composer-connector-hlfv1/lib/hlfconnection.js:602:30)\n    at <anonymous>"}$
2019-06-28T11:47:25.438Z ERROR   :HLFConnectionManager     :fabric-client()           [client-utils.js]: sendPeersProposal - Promise is rejected: Error: error installing chaincode code iot-network:0.0.1(chaincode /var/hyperledger/production/chaincodes/iot-network.0.0.1 exists)
    at /home/peer1/.nvm/versions/node/v8.16.0/lib/node_modules/composer-cli/node_modules/fabric-client/lib/Peer.js:114:16
    at /home/peer1/.nvm/versions/node/v8.16.0/lib/node_modules/composer-cli/node_modules/grpc/src/client.js:586:7 {}$
2019-06-28T11:47:25.472Z ERROR   :HLFConnectionManager     :fabric-client()           [client-utils.js]: sendPeersProposal - Promise is rejected: Error: error installing chaincode code iot-network:0.0.1(chaincode /var/hyperledger/production/chaincodes/iot-network.0.0.1 exists)
    at /home/peer1/.nvm/versions/node/v8.16.0/lib/node_modules/composer-cli/node_modules/fabric-client/lib/Peer.js:114:16
    at /home/peer1/.nvm/versions/node/v8.16.0/lib/node_modules/composer-cli/node_modules/grpc/src/client.js:586:7 {}$
2019-06-28T11:50:35.052Z ERROR   :HLFConnectionManager     :fabric-client()           [client-utils.js]: sendPeersProposal - Promise is rejected: Error: transaction returned with failure: Error: The current identity, with the name 'admin' and the identifier 'fb4d18e44d3724072ccf2af91608869a472209c01375c28ce8e1b219fb3692a3', must be activated (ACTIVATION_REQUIRED)
    at /home/peer1/.nvm/versions/node/v8.16.0/lib/node_modules/composer-rest-server/node_modules/fabric-client/lib/Peer.js:114:16
    at /home/peer1/.nvm/versions/node/v8.16.0/lib/node_modules/composer-rest-server/node_modules/grpc/src/client.js:586:7 {}$
2019-06-28T11:50:35.054Z WARN    :HLFQueryHandler          :queryChaincode()          query payload returned an error: Error: transaction returned with failure: Error: The current identity, with the name 'admin' and the identifier 'fb4d18e44d3724072ccf2af91608869a472209c01375c28ce8e1b219fb3692a3', must be activated (ACTIVATION_REQUIRED) {}$
2019-06-28T11:50:35.055Z ERROR   :HLFConnection            :ping()                    {"message":"Error trying to ping. Error: transaction returned with failure: Error: The current identity, with the name 'admin' and the identifier 'fb4d18e44d3724072ccf2af91608869a472209c01375c28ce8e1b219fb3692a3', must be activated (ACTIVATION_REQUIRED)","stack":"Error: Error trying to ping. Error: transaction returned with failure: Error: The current identity, with the name 'admin' and the identifier 'fb4d18e44d3724072ccf2af91608869a472209c01375c28ce8e1b219fb3692a3', must be activated (ACTIVATION_REQUIRED)\n    at _checkRuntimeVersions.then.catch (/home/peer1/.nvm/versions/node/v8.16.0/lib/node_modules/composer-rest-server/node_modules/composer-connector-hlfv1/lib/hlfconnection.js:886:34)\n    at <anonymous>"}$
