2019-07-21T05:55:34.105Z ERROR   :HLFConnectionManager     :fabric-client()           [client-utils.js]: sendPeersProposal - Promise is rejected: Error: timeout expired while starting chaincode iot-network:0.0.1 for transaction
    at /home/peer1/.nvm/versions/node/v8.16.0/lib/node_modules/composer-cli/node_modules/fabric-client/lib/Peer.js:114:16
    at /home/peer1/.nvm/versions/node/v8.16.0/lib/node_modules/composer-cli/node_modules/grpc/src/client.js:586:7 {}$
2019-07-21T05:55:38.932Z ERROR   :HLFConnectionManager     :fabric-client()           [client-utils.js]: sendPeersProposal - Promise is rejected: Error: timeout expired while starting chaincode iot-network:0.0.1 for transaction
    at /home/peer1/.nvm/versions/node/v8.16.0/lib/node_modules/composer-cli/node_modules/fabric-client/lib/Peer.js:114:16
    at /home/peer1/.nvm/versions/node/v8.16.0/lib/node_modules/composer-cli/node_modules/grpc/src/client.js:586:7 {}$
2019-07-21T05:55:42.334Z ERROR   :HLFConnectionManager     :fabric-client()           [client-utils.js]: sendPeersProposal - Promise is rejected: Error: timeout expired while starting chaincode iot-network:0.0.1 for transaction
    at /home/peer1/.nvm/versions/node/v8.16.0/lib/node_modules/composer-cli/node_modules/fabric-client/lib/Peer.js:114:16
    at /home/peer1/.nvm/versions/node/v8.16.0/lib/node_modules/composer-cli/node_modules/grpc/src/client.js:586:7 {}$
2019-07-21T05:55:42.435Z ERROR   :HLFConnectionManager     :fabric-client()           [client-utils.js]: sendPeersProposal - Promise is rejected: Error: timeout expired while starting chaincode iot-network:0.0.1 for transaction
    at /home/peer1/.nvm/versions/node/v8.16.0/lib/node_modules/composer-cli/node_modules/fabric-client/lib/Peer.js:114:16
    at /home/peer1/.nvm/versions/node/v8.16.0/lib/node_modules/composer-cli/node_modules/grpc/src/client.js:586:7 {}$
2019-07-21T06:05:00.044Z ERROR   :HLFConnectionManager     :fabric-client()           [client-utils.js]: sendPeersProposal - Promise is rejected: Error: error installing chaincode code iot-network:0.0.1(chaincode /var/hyperledger/production/chaincodes/iot-network.0.0.1 exists)
    at /home/peer1/.nvm/versions/node/v8.16.0/lib/node_modules/composer-cli/node_modules/fabric-client/lib/Peer.js:114:16
    at /home/peer1/.nvm/versions/node/v8.16.0/lib/node_modules/composer-cli/node_modules/grpc/src/client.js:586:7 {}$
2019-07-21T06:05:00.169Z ERROR   :HLFConnectionManager     :fabric-client()           [client-utils.js]: sendPeersProposal - Promise is rejected: Error: error installing chaincode code iot-network:0.0.1(chaincode /var/hyperledger/production/chaincodes/iot-network.0.0.1 exists)
    at /home/peer1/.nvm/versions/node/v8.16.0/lib/node_modules/composer-cli/node_modules/fabric-client/lib/Peer.js:114:16
    at /home/peer1/.nvm/versions/node/v8.16.0/lib/node_modules/composer-cli/node_modules/grpc/src/client.js:586:7 {}$
2019-07-21T06:05:11.347Z ERROR   :HLFConnectionManager     :fabric-client()           [client-utils.js]: sendPeersProposal - Promise is rejected: Error: error installing chaincode code iot-network:0.0.1(chaincode /var/hyperledger/production/chaincodes/iot-network.0.0.1 exists)
    at /home/peer1/.nvm/versions/node/v8.16.0/lib/node_modules/composer-cli/node_modules/fabric-client/lib/Peer.js:114:16
    at /home/peer1/.nvm/versions/node/v8.16.0/lib/node_modules/composer-cli/node_modules/grpc/src/client.js:586:7 {}$
2019-07-21T06:05:11.418Z ERROR   :HLFConnectionManager     :fabric-client()           [client-utils.js]: sendPeersProposal - Promise is rejected: Error: error installing chaincode code iot-network:0.0.1(chaincode /var/hyperledger/production/chaincodes/iot-network.0.0.1 exists)
    at /home/peer1/.nvm/versions/node/v8.16.0/lib/node_modules/composer-cli/node_modules/fabric-client/lib/Peer.js:114:16
    at /home/peer1/.nvm/versions/node/v8.16.0/lib/node_modules/composer-cli/node_modules/grpc/src/client.js:586:7 {}$
2019-07-21T06:17:59.223Z ERROR   :HLFConnectionManager     :fabric-client()           [client-utils.js]: sendPeersProposal - Promise is rejected: Error: transaction returned with failure: Error: The current identity, with the name 'admin' and the identifier '5c83752e04ba93762e27fddbb98aca3b537153254cabac88fbd53ca07fc4eda9', must be activated (ACTIVATION_REQUIRED)
    at /home/peer1/.nvm/versions/node/v8.16.0/lib/node_modules/composer-rest-server/node_modules/fabric-client/lib/Peer.js:114:16
    at /home/peer1/.nvm/versions/node/v8.16.0/lib/node_modules/composer-rest-server/node_modules/grpc/src/client.js:586:7 {}$
2019-07-21T06:17:59.226Z WARN    :HLFQueryHandler          :queryChaincode()          query payload returned an error: Error: transaction returned with failure: Error: The current identity, with the name 'admin' and the identifier '5c83752e04ba93762e27fddbb98aca3b537153254cabac88fbd53ca07fc4eda9', must be activated (ACTIVATION_REQUIRED) {}$
2019-07-21T06:17:59.226Z ERROR   :HLFConnection            :ping()                    {"message":"Error trying to ping. Error: transaction returned with failure: Error: The current identity, with the name 'admin' and the identifier '5c83752e04ba93762e27fddbb98aca3b537153254cabac88fbd53ca07fc4eda9', must be activated (ACTIVATION_REQUIRED)","stack":"Error: Error trying to ping. Error: transaction returned with failure: Error: The current identity, with the name 'admin' and the identifier '5c83752e04ba93762e27fddbb98aca3b537153254cabac88fbd53ca07fc4eda9', must be activated (ACTIVATION_REQUIRED)\n    at _checkRuntimeVersions.then.catch (/home/peer1/.nvm/versions/node/v8.16.0/lib/node_modules/composer-rest-server/node_modules/composer-connector-hlfv1/lib/hlfconnection.js:886:34)\n    at <anonymous>"}$
