2019-07-01T11:17:14.861Z ERROR   :HLFConnectionManager     :fabric-client()           [client-utils.js]: sendPeersProposal - Promise is rejected: Error: timeout expired while starting chaincode iot-network:0.0.1 for transaction
    at /home/peer1/.nvm/versions/node/v8.16.0/lib/node_modules/composer-cli/node_modules/fabric-client/lib/Peer.js:114:16
    at /home/peer1/.nvm/versions/node/v8.16.0/lib/node_modules/composer-cli/node_modules/grpc/src/client.js:586:7 {}$
2019-07-01T11:17:22.066Z ERROR   :HLFConnectionManager     :fabric-client()           [client-utils.js]: sendPeersProposal - Promise is rejected: Error: timeout expired while starting chaincode iot-network:0.0.1 for transaction
    at /home/peer1/.nvm/versions/node/v8.16.0/lib/node_modules/composer-cli/node_modules/fabric-client/lib/Peer.js:114:16
    at /home/peer1/.nvm/versions/node/v8.16.0/lib/node_modules/composer-cli/node_modules/grpc/src/client.js:586:7 {}$
2019-07-01T11:20:01.947Z ERROR   :HLFConnectionManager     :fabric-client()           [client-utils.js]: sendPeersProposal - Promise is rejected: Error: timeout expired while starting chaincode iot-network:0.0.1 for transaction
    at /home/peer1/.nvm/versions/node/v8.16.0/lib/node_modules/composer-cli/node_modules/fabric-client/lib/Peer.js:114:16
    at /home/peer1/.nvm/versions/node/v8.16.0/lib/node_modules/composer-cli/node_modules/grpc/src/client.js:586:7 {}$
2019-07-01T11:20:02.276Z ERROR   :HLFConnectionManager     :fabric-client()           [client-utils.js]: sendPeersProposal - Promise is rejected: Error: timeout expired while starting chaincode iot-network:0.0.1 for transaction
    at /home/peer1/.nvm/versions/node/v8.16.0/lib/node_modules/composer-cli/node_modules/fabric-client/lib/Peer.js:114:16
    at /home/peer1/.nvm/versions/node/v8.16.0/lib/node_modules/composer-cli/node_modules/grpc/src/client.js:586:7 {}$
2019-07-01T11:27:56.837Z ERROR   :HLFConnectionManager     :fabric-client()           [client-utils.js]: sendPeersProposal - Promise is rejected: Error: error installing chaincode code iot-network:0.0.1(chaincode /var/hyperledger/production/chaincodes/iot-network.0.0.1 exists)
    at /home/peer1/.nvm/versions/node/v8.16.0/lib/node_modules/composer-cli/node_modules/fabric-client/lib/Peer.js:114:16
    at /home/peer1/.nvm/versions/node/v8.16.0/lib/node_modules/composer-cli/node_modules/grpc/src/client.js:586:7 {}$
2019-07-01T11:27:56.844Z ERROR   :HLFConnectionManager     :fabric-client()           [client-utils.js]: sendPeersProposal - Promise is rejected: Error: error installing chaincode code iot-network:0.0.1(chaincode /var/hyperledger/production/chaincodes/iot-network.0.0.1 exists)
    at /home/peer1/.nvm/versions/node/v8.16.0/lib/node_modules/composer-cli/node_modules/fabric-client/lib/Peer.js:114:16
    at /home/peer1/.nvm/versions/node/v8.16.0/lib/node_modules/composer-cli/node_modules/grpc/src/client.js:586:7 {}$
2019-07-01T11:27:56.846Z ERROR   :HLFConnection            :install()                 {"message":"Error trying install business network. Error: The business network is already installed on all the peers","stack":"Error: Error trying install business network. Error: The business network is already installed on all the peers\n    at HLFConnection.install (/home/peer1/.nvm/versions/node/v8.16.0/lib/node_modules/composer-cli/node_modules/composer-connector-hlfv1/lib/hlfconnection.js:602:30)\n    at <anonymous>"}$
2019-07-01T12:31:49.861Z ERROR   :HLFConnectionManager     :fabric-client()           [client-utils.js]: sendPeersProposal - Promise is rejected: Error: transaction returned with failure: Error: The current identity, with the name 'admin' and the identifier 'e09fd93932a3cd4d108a4e50200d874a56770922b8cacc32611a1ab733700fb4', must be activated (ACTIVATION_REQUIRED)
    at /home/peer1/.nvm/versions/node/v8.16.0/lib/node_modules/composer-cli/node_modules/fabric-client/lib/Peer.js:114:16
    at /home/peer1/.nvm/versions/node/v8.16.0/lib/node_modules/composer-cli/node_modules/grpc/src/client.js:586:7 {}$
2019-07-01T12:31:49.863Z WARN    :HLFQueryHandler          :queryChaincode()          query payload returned an error: Error: transaction returned with failure: Error: The current identity, with the name 'admin' and the identifier 'e09fd93932a3cd4d108a4e50200d874a56770922b8cacc32611a1ab733700fb4', must be activated (ACTIVATION_REQUIRED) {}$
2019-07-01T12:31:49.863Z ERROR   :HLFConnection            :ping()                    {"message":"Error trying to ping. Error: transaction returned with failure: Error: The current identity, with the name 'admin' and the identifier 'e09fd93932a3cd4d108a4e50200d874a56770922b8cacc32611a1ab733700fb4', must be activated (ACTIVATION_REQUIRED)","stack":"Error: Error trying to ping. Error: transaction returned with failure: Error: The current identity, with the name 'admin' and the identifier 'e09fd93932a3cd4d108a4e50200d874a56770922b8cacc32611a1ab733700fb4', must be activated (ACTIVATION_REQUIRED)\n    at _checkRuntimeVersions.then.catch (/home/peer1/.nvm/versions/node/v8.16.0/lib/node_modules/composer-cli/node_modules/composer-connector-hlfv1/lib/hlfconnection.js:886:34)\n    at <anonymous>"}$
2019-07-01T12:32:51.366Z ERROR   :HLFConnectionManager     :fabric-client()           [client-utils.js]: sendPeersProposal - Promise is rejected: Error: transaction returned with failure: Error: The current identity, with the name 'admin' and the identifier '826bb1b8bcc48fd57fbd7306bb9099b2ba67874d967f96c66d5ec0f6e7ae85f4', must be activated (ACTIVATION_REQUIRED)
    at /home/peer1/.nvm/versions/node/v8.16.0/lib/node_modules/composer-cli/node_modules/fabric-client/lib/Peer.js:114:16
    at /home/peer1/.nvm/versions/node/v8.16.0/lib/node_modules/composer-cli/node_modules/grpc/src/client.js:586:7 {}$
2019-07-01T12:32:51.367Z WARN    :HLFQueryHandler          :queryChaincode()          query payload returned an error: Error: transaction returned with failure: Error: The current identity, with the name 'admin' and the identifier '826bb1b8bcc48fd57fbd7306bb9099b2ba67874d967f96c66d5ec0f6e7ae85f4', must be activated (ACTIVATION_REQUIRED) {}$
2019-07-01T12:32:51.367Z ERROR   :HLFConnection            :ping()                    {"message":"Error trying to ping. Error: transaction returned with failure: Error: The current identity, with the name 'admin' and the identifier '826bb1b8bcc48fd57fbd7306bb9099b2ba67874d967f96c66d5ec0f6e7ae85f4', must be activated (ACTIVATION_REQUIRED)","stack":"Error: Error trying to ping. Error: transaction returned with failure: Error: The current identity, with the name 'admin' and the identifier '826bb1b8bcc48fd57fbd7306bb9099b2ba67874d967f96c66d5ec0f6e7ae85f4', must be activated (ACTIVATION_REQUIRED)\n    at _checkRuntimeVersions.then.catch (/home/peer1/.nvm/versions/node/v8.16.0/lib/node_modules/composer-cli/node_modules/composer-connector-hlfv1/lib/hlfconnection.js:886:34)\n    at <anonymous>"}$
2019-07-01T13:15:32.898Z ERROR   :HLFConnectionManager     :fabric-client()           [client-utils.js]: sendPeersProposal - Promise is rejected: Error: timeout expired while starting chaincode iot-network:0.0.1 for transaction
    at /home/peer1/.nvm/versions/node/v8.16.0/lib/node_modules/composer-cli/node_modules/fabric-client/lib/Peer.js:114:16
    at /home/peer1/.nvm/versions/node/v8.16.0/lib/node_modules/composer-cli/node_modules/grpc/src/client.js:586:7 {}$
2019-07-01T13:15:44.045Z ERROR   :HLFConnectionManager     :fabric-client()           [client-utils.js]: sendPeersProposal - Promise is rejected: Error: timeout expired while starting chaincode iot-network:0.0.1 for transaction
    at /home/peer1/.nvm/versions/node/v8.16.0/lib/node_modules/composer-cli/node_modules/fabric-client/lib/Peer.js:114:16
    at /home/peer1/.nvm/versions/node/v8.16.0/lib/node_modules/composer-cli/node_modules/grpc/src/client.js:586:7 {}$
2019-07-01T13:15:53.897Z ERROR   :HLFConnectionManager     :fabric-client()           [client-utils.js]: sendPeersProposal - Promise is rejected: Error: timeout expired while starting chaincode iot-network:0.0.1 for transaction
    at /home/peer1/.nvm/versions/node/v8.16.0/lib/node_modules/composer-cli/node_modules/fabric-client/lib/Peer.js:114:16
    at /home/peer1/.nvm/versions/node/v8.16.0/lib/node_modules/composer-cli/node_modules/grpc/src/client.js:586:7 {}$
2019-07-01T13:16:24.773Z ERROR   :HLFConnectionManager     :fabric-client()           [client-utils.js]: sendPeersProposal - Promise is rejected: Error: timeout expired while starting chaincode iot-network:0.0.1 for transaction
    at /home/peer1/.nvm/versions/node/v8.16.0/lib/node_modules/composer-cli/node_modules/fabric-client/lib/Peer.js:114:16
    at /home/peer1/.nvm/versions/node/v8.16.0/lib/node_modules/composer-cli/node_modules/grpc/src/client.js:586:7 {}$
2019-07-01T13:18:40.295Z ERROR   :HLFConnectionManager     :fabric-client()           [client-utils.js]: sendPeersProposal - Promise is rejected: Error: error installing chaincode code iot-network:0.0.1(chaincode /var/hyperledger/production/chaincodes/iot-network.0.0.1 exists)
    at /home/peer1/.nvm/versions/node/v8.16.0/lib/node_modules/composer-cli/node_modules/fabric-client/lib/Peer.js:114:16
    at /home/peer1/.nvm/versions/node/v8.16.0/lib/node_modules/composer-cli/node_modules/grpc/src/client.js:586:7 {}$
2019-07-01T13:18:40.325Z ERROR   :HLFConnectionManager     :fabric-client()           [client-utils.js]: sendPeersProposal - Promise is rejected: Error: error installing chaincode code iot-network:0.0.1(chaincode /var/hyperledger/production/chaincodes/iot-network.0.0.1 exists)
    at /home/peer1/.nvm/versions/node/v8.16.0/lib/node_modules/composer-cli/node_modules/fabric-client/lib/Peer.js:114:16
    at /home/peer1/.nvm/versions/node/v8.16.0/lib/node_modules/composer-cli/node_modules/grpc/src/client.js:586:7 {}$
2019-07-01T13:18:45.921Z ERROR   :HLFConnectionManager     :fabric-client()           [client-utils.js]: sendPeersProposal - Promise is rejected: Error: error installing chaincode code iot-network:0.0.1(chaincode /var/hyperledger/production/chaincodes/iot-network.0.0.1 exists)
    at /home/peer1/.nvm/versions/node/v8.16.0/lib/node_modules/composer-cli/node_modules/fabric-client/lib/Peer.js:114:16
    at /home/peer1/.nvm/versions/node/v8.16.0/lib/node_modules/composer-cli/node_modules/grpc/src/client.js:586:7 {}$
2019-07-01T13:18:46.057Z ERROR   :HLFConnectionManager     :fabric-client()           [client-utils.js]: sendPeersProposal - Promise is rejected: Error: error installing chaincode code iot-network:0.0.1(chaincode /var/hyperledger/production/chaincodes/iot-network.0.0.1 exists)
    at /home/peer1/.nvm/versions/node/v8.16.0/lib/node_modules/composer-cli/node_modules/fabric-client/lib/Peer.js:114:16
    at /home/peer1/.nvm/versions/node/v8.16.0/lib/node_modules/composer-cli/node_modules/grpc/src/client.js:586:7 {}$
2019-07-01T14:01:59.050Z WARN    :HLFConnection            :_connectToEventHubs()     event hub 192.168.56.108:8051 failed to connect: 14 UNAVAILABLE: Connect Failed {}$
2019-07-01T14:01:59.054Z WARN    :HLFConnection            :_connectToEventHubs()     event hub 192.168.56.108:7051 failed to connect: 14 UNAVAILABLE: Connect Failed {}$
2019-07-01T14:02:01.809Z WARN    :HLFConnection            :_connectToEventHubs()     event hub 192.168.56.110:9051 failed to connect: 14 UNAVAILABLE: Connect Failed {}$
2019-07-01T14:02:01.814Z WARN    :HLFConnection            :_connectToEventHubs()     event hub 192.168.56.110:10051 failed to connect: 14 UNAVAILABLE: Connect Failed {}$
2019-07-01T14:02:01.820Z WARN    :HLFConnection            :_registerForChaincodeEven could not find any connected event hubs out of 4 defined hubs to listen on for chaincode events {}$
2019-07-01T14:02:04.852Z ERROR   :HLFConnectionManager     :fabric-client()           [Remote.js]: Error: Failed to connect before the deadline {}$
2019-07-01T14:02:04.854Z ERROR   :HLFConnectionManager     :fabric-client()           [client-utils.js]: sendPeersProposal - Promise is rejected: Error: Failed to connect before the deadline
    at checkState (/home/peer1/.nvm/versions/node/v8.16.0/lib/node_modules/composer-cli/node_modules/grpc/src/client.js:838:16) {}$
2019-07-01T14:02:04.856Z WARN    :HLFQueryHandler          :queryChaincode()          Peer peer0.org1.hospital.com failed to respond. Error: Failed to connect before the deadline {}$
2019-07-01T14:04:13.624Z WARN    :HLFConnection            :_connectToEventHubs()     event hub 192.168.56.108:7051 failed to connect: 14 UNAVAILABLE: Connect Failed {}$
2019-07-01T14:04:13.627Z WARN    :HLFConnection            :_connectToEventHubs()     event hub 192.168.56.108:8051 failed to connect: 14 UNAVAILABLE: Connect Failed {}$
2019-07-01T17:46:33.570Z ERROR   :HLFConnectionManager     :fabric-client()           [client-utils.js]: sendPeersProposal - Promise is rejected: Error: chaincode with name 'iot-network' already exists
    at /home/peer1/.nvm/versions/node/v8.16.0/lib/node_modules/composer-cli/node_modules/fabric-client/lib/Peer.js:114:16
    at /home/peer1/.nvm/versions/node/v8.16.0/lib/node_modules/composer-cli/node_modules/grpc/src/client.js:586:7 {}$
2019-07-01T17:46:33.587Z ERROR   :HLFConnectionManager     :fabric-client()           [client-utils.js]: sendPeersProposal - Promise is rejected: Error: chaincode with name 'iot-network' already exists
    at /home/peer1/.nvm/versions/node/v8.16.0/lib/node_modules/composer-cli/node_modules/fabric-client/lib/Peer.js:114:16
    at /home/peer1/.nvm/versions/node/v8.16.0/lib/node_modules/composer-cli/node_modules/grpc/src/client.js:586:7 {}$
2019-07-01T17:46:33.592Z ERROR   :HLFConnectionManager     :fabric-client()           [client-utils.js]: sendPeersProposal - Promise is rejected: Error: chaincode with name 'iot-network' already exists
    at /home/peer1/.nvm/versions/node/v8.16.0/lib/node_modules/composer-cli/node_modules/fabric-client/lib/Peer.js:114:16
    at /home/peer1/.nvm/versions/node/v8.16.0/lib/node_modules/composer-cli/node_modules/grpc/src/client.js:586:7 {}$
2019-07-01T17:46:33.593Z ERROR   :HLFConnectionManager     :fabric-client()           [client-utils.js]: sendPeersProposal - Promise is rejected: Error: chaincode with name 'iot-network' already exists
    at /home/peer1/.nvm/versions/node/v8.16.0/lib/node_modules/composer-cli/node_modules/fabric-client/lib/Peer.js:114:16
    at /home/peer1/.nvm/versions/node/v8.16.0/lib/node_modules/composer-cli/node_modules/grpc/src/client.js:586:7 {}$
2019-07-01T17:46:33.594Z WARN    :HLFConnection            :_validatePeerResponses()  Response from attempted peer comms was an error: Error: chaincode with name 'iot-network' already exists {}$
2019-07-01T17:46:33.594Z WARN    :HLFConnection            :_validatePeerResponses()  Response from attempted peer comms was an error: Error: chaincode with name 'iot-network' already exists {}$
2019-07-01T17:46:33.594Z WARN    :HLFConnection            :_validatePeerResponses()  Response from attempted peer comms was an error: Error: chaincode with name 'iot-network' already exists {}$
2019-07-01T17:46:33.594Z WARN    :HLFConnection            :_validatePeerResponses()  Response from attempted peer comms was an error: Error: chaincode with name 'iot-network' already exists {}$
2019-07-01T17:46:33.594Z ERROR   :HLFConnection            :start()                   {"message":"No valid responses from any peers.\nResponse from attempted peer comms was an error: Error: chaincode with name 'iot-network' already exists\nResponse from attempted peer comms was an error: Error: chaincode with name 'iot-network' already exists\nResponse from attempted peer comms was an error: Error: chaincode with name 'iot-network' already exists\nResponse from attempted peer comms was an error: Error: chaincode with name 'iot-network' already exists","stack":"Error: No valid responses from any peers.\nResponse from attempted peer comms was an error: Error: chaincode with name 'iot-network' already exists\nResponse from attempted peer comms was an error: Error: chaincode with name 'iot-network' already exists\nResponse from attempted peer comms was an error: Error: chaincode with name 'iot-network' already exists\nResponse from attempted peer comms was an error: Error: chaincode with name 'iot-network' already exists\n    at HLFConnection._validatePeerResponses (/home/peer1/.nvm/versions/node/v8.16.0/lib/node_modules/composer-cli/node_modules/composer-connector-hlfv1/lib/hlfconnection.js:855:19)\n    at HLFConnection._sendTransaction (/home/peer1/.nvm/versions/node/v8.16.0/lib/node_modules/composer-cli/node_modules/composer-connector-hlfv1/lib/hlfconnection.js:778:37)\n    at HLFConnection.start (/home/peer1/.nvm/versions/node/v8.16.0/lib/node_modules/composer-cli/node_modules/composer-connector-hlfv1/lib/hlfconnection.js:756:24)\n    at <anonymous>"}$
2019-07-01T17:46:58.681Z ERROR   :HLFConnectionManager     :fabric-client()           [client-utils.js]: sendPeersProposal - Promise is rejected: Error: error installing chaincode code iot-network:0.0.3(chaincode /var/hyperledger/production/chaincodes/iot-network.0.0.3 exists)
    at /home/peer1/.nvm/versions/node/v8.16.0/lib/node_modules/composer-cli/node_modules/fabric-client/lib/Peer.js:114:16
    at /home/peer1/.nvm/versions/node/v8.16.0/lib/node_modules/composer-cli/node_modules/grpc/src/client.js:586:7 {}$
2019-07-01T17:46:58.688Z ERROR   :HLFConnectionManager     :fabric-client()           [client-utils.js]: sendPeersProposal - Promise is rejected: Error: error installing chaincode code iot-network:0.0.3(chaincode /var/hyperledger/production/chaincodes/iot-network.0.0.3 exists)
    at /home/peer1/.nvm/versions/node/v8.16.0/lib/node_modules/composer-cli/node_modules/fabric-client/lib/Peer.js:114:16
    at /home/peer1/.nvm/versions/node/v8.16.0/lib/node_modules/composer-cli/node_modules/grpc/src/client.js:586:7 {}$
2019-07-01T17:47:01.510Z ERROR   :HLFConnectionManager     :fabric-client()           [client-utils.js]: sendPeersProposal - Promise is rejected: Error: error installing chaincode code iot-network:0.0.3(chaincode /var/hyperledger/production/chaincodes/iot-network.0.0.3 exists)
    at /home/peer1/.nvm/versions/node/v8.16.0/lib/node_modules/composer-cli/node_modules/fabric-client/lib/Peer.js:114:16
    at /home/peer1/.nvm/versions/node/v8.16.0/lib/node_modules/composer-cli/node_modules/grpc/src/client.js:586:7 {}$
2019-07-01T17:47:01.515Z ERROR   :HLFConnectionManager     :fabric-client()           [client-utils.js]: sendPeersProposal - Promise is rejected: Error: error installing chaincode code iot-network:0.0.3(chaincode /var/hyperledger/production/chaincodes/iot-network.0.0.3 exists)
    at /home/peer1/.nvm/versions/node/v8.16.0/lib/node_modules/composer-cli/node_modules/fabric-client/lib/Peer.js:114:16
    at /home/peer1/.nvm/versions/node/v8.16.0/lib/node_modules/composer-cli/node_modules/grpc/src/client.js:586:7 {}$
2019-07-01T17:47:09.504Z ERROR   :HLFConnectionManager     :fabric-client()           [client-utils.js]: sendPeersProposal - Promise is rejected: Error: chaincode with name 'iot-network' already exists
    at /home/peer1/.nvm/versions/node/v8.16.0/lib/node_modules/composer-cli/node_modules/fabric-client/lib/Peer.js:114:16
    at /home/peer1/.nvm/versions/node/v8.16.0/lib/node_modules/composer-cli/node_modules/grpc/src/client.js:586:7 {}$
2019-07-01T17:47:09.529Z ERROR   :HLFConnectionManager     :fabric-client()           [client-utils.js]: sendPeersProposal - Promise is rejected: Error: chaincode with name 'iot-network' already exists
    at /home/peer1/.nvm/versions/node/v8.16.0/lib/node_modules/composer-cli/node_modules/fabric-client/lib/Peer.js:114:16
    at /home/peer1/.nvm/versions/node/v8.16.0/lib/node_modules/composer-cli/node_modules/grpc/src/client.js:586:7 {}$
2019-07-01T17:47:09.531Z ERROR   :HLFConnectionManager     :fabric-client()           [client-utils.js]: sendPeersProposal - Promise is rejected: Error: chaincode with name 'iot-network' already exists
    at /home/peer1/.nvm/versions/node/v8.16.0/lib/node_modules/composer-cli/node_modules/fabric-client/lib/Peer.js:114:16
    at /home/peer1/.nvm/versions/node/v8.16.0/lib/node_modules/composer-cli/node_modules/grpc/src/client.js:586:7 {}$
2019-07-01T17:47:09.533Z ERROR   :HLFConnectionManager     :fabric-client()           [client-utils.js]: sendPeersProposal - Promise is rejected: Error: chaincode with name 'iot-network' already exists
    at /home/peer1/.nvm/versions/node/v8.16.0/lib/node_modules/composer-cli/node_modules/fabric-client/lib/Peer.js:114:16
    at /home/peer1/.nvm/versions/node/v8.16.0/lib/node_modules/composer-cli/node_modules/grpc/src/client.js:586:7 {}$
